[debug] [2021-05-12T22:27:20.779Z] ----------------------------------------------------------------------
[debug] [2021-05-12T22:27:20.781Z] Command:       /usr/local/Cellar/node/14.9.0/bin/node /usr/local/bin/firebase deploy
[debug] [2021-05-12T22:27:20.781Z] CLI Version:   9.3.0
[debug] [2021-05-12T22:27:20.781Z] Platform:      darwin
[debug] [2021-05-12T22:27:20.781Z] Node Version:  v14.9.0
[debug] [2021-05-12T22:27:20.782Z] Time:          Wed May 12 2021 17:27:20 GMT-0500 (Central Daylight Time)
[debug] [2021-05-12T22:27:20.782Z] ----------------------------------------------------------------------
[debug] [2021-05-12T22:27:20.782Z] 
[debug] [2021-05-12T22:27:20.792Z] > command requires scopes: ["email","openid","https://www.googleapis.com/auth/cloudplatformprojects.readonly","https://www.googleapis.com/auth/firebase","https://www.googleapis.com/auth/cloud-platform"]
[debug] [2021-05-12T22:27:20.792Z] > authorizing via signed-in user
[debug] [2021-05-12T22:27:20.792Z] [iam] checking project asa-shaders for permissions ["firebase.projects.get","firebasehosting.sites.update"]
[debug] [2021-05-12T22:27:20.795Z] > refreshing access token with scopes: ["email","https://www.googleapis.com/auth/cloud-platform","https://www.googleapis.com/auth/cloudplatformprojects.readonly","https://www.googleapis.com/auth/firebase","openid"]
[debug] [2021-05-12T22:27:20.795Z] >>> HTTP REQUEST POST https://www.googleapis.com/oauth2/v3/token  
 <request body omitted>
[debug] [2021-05-12T22:27:20.925Z] <<< HTTP RESPONSE 200 {"pragma":"no-cache","expires":"Mon, 01 Jan 1990 00:00:00 GMT","date":"Wed, 12 May 2021 22:27:20 GMT","cache-control":"no-cache, no-store, max-age=0, must-revalidate","content-type":"application/json; charset=utf-8","vary":"X-Origin, Referer, Origin,Accept-Encoding","server":"scaffolding on HTTPServer2","x-xss-protection":"0","x-frame-options":"SAMEORIGIN","x-content-type-options":"nosniff","alt-svc":"h3-29=\":443\"; ma=2592000,h3-T051=\":443\"; ma=2592000,h3-Q050=\":443\"; ma=2592000,h3-Q046=\":443\"; ma=2592000,h3-Q043=\":443\"; ma=2592000,quic=\":443\"; ma=2592000; v=\"46,43\"","accept-ranges":"none","transfer-encoding":"chunked"}
[debug] [2021-05-12T22:27:20.951Z] >>> HTTP REQUEST POST https://cloudresourcemanager.googleapis.com/v1/projects/asa-shaders:testIamPermissions  
 {"permissions":["firebase.projects.get","firebasehosting.sites.update"]}
[debug] [2021-05-12T22:27:21.082Z] <<< HTTP RESPONSE 200 {"content-type":"application/json; charset=UTF-8","vary":"X-Origin, Referer, Origin,Accept-Encoding","date":"Wed, 12 May 2021 22:27:21 GMT","server":"ESF","cache-control":"private","x-xss-protection":"0","x-frame-options":"SAMEORIGIN","x-content-type-options":"nosniff","server-timing":"gfet4t7; dur=72","alt-svc":"h3-29=\":443\"; ma=2592000,h3-T051=\":443\"; ma=2592000,h3-Q050=\":443\"; ma=2592000,h3-Q046=\":443\"; ma=2592000,h3-Q043=\":443\"; ma=2592000,quic=\":443\"; ma=2592000; v=\"46,43\"","accept-ranges":"none","transfer-encoding":"chunked"}
[debug] [2021-05-12T22:27:21.084Z] > refreshing access token with scopes: []
[debug] [2021-05-12T22:27:21.084Z] >>> HTTP REQUEST POST https://www.googleapis.com/oauth2/v3/token  
 <request body omitted>
[debug] [2021-05-12T22:27:21.179Z] <<< HTTP RESPONSE 200 {"expires":"Mon, 01 Jan 1990 00:00:00 GMT","pragma":"no-cache","date":"Wed, 12 May 2021 22:27:21 GMT","cache-control":"no-cache, no-store, max-age=0, must-revalidate","content-type":"application/json; charset=utf-8","vary":"X-Origin, Referer, Origin,Accept-Encoding","server":"scaffolding on HTTPServer2","x-xss-protection":"0","x-frame-options":"SAMEORIGIN","x-content-type-options":"nosniff","alt-svc":"h3-29=\":443\"; ma=2592000,h3-T051=\":443\"; ma=2592000,h3-Q050=\":443\"; ma=2592000,h3-Q046=\":443\"; ma=2592000,h3-Q043=\":443\"; ma=2592000,quic=\":443\"; ma=2592000; v=\"46,43\"","accept-ranges":"none","transfer-encoding":"chunked"}
[debug] [2021-05-12T22:27:21.196Z] >>> [apiv2][query] GET https://firebase.googleapis.com/v1beta1/projects/asa-shaders [none]
[debug] [2021-05-12T22:27:21.344Z] <<< [apiv2][status] GET https://firebase.googleapis.com/v1beta1/projects/asa-shaders 200
[debug] [2021-05-12T22:27:21.345Z] <<< [apiv2][body] GET https://firebase.googleapis.com/v1beta1/projects/asa-shaders {"projectId":"asa-shaders","projectNumber":"196467536893","displayName":"asa-shaders","name":"projects/asa-shaders","resources":{"hostingSite":"asa-shaders"},"state":"ACTIVE"}
[info] 
[info] === Deploying to 'asa-shaders'...
[info] 
[info] i  deploying hosting 
[debug] [2021-05-12T22:27:21.348Z] > refreshing access token with scopes: ["email","https://www.googleapis.com/auth/cloud-platform","https://www.googleapis.com/auth/cloudplatformprojects.readonly","https://www.googleapis.com/auth/firebase","openid"]
[debug] [2021-05-12T22:27:21.348Z] >>> HTTP REQUEST POST https://www.googleapis.com/oauth2/v3/token  
 <request body omitted>
[debug] [2021-05-12T22:27:21.407Z] <<< HTTP RESPONSE 200 {"expires":"Mon, 01 Jan 1990 00:00:00 GMT","cache-control":"no-cache, no-store, max-age=0, must-revalidate","date":"Wed, 12 May 2021 22:27:21 GMT","pragma":"no-cache","content-type":"application/json; charset=utf-8","vary":"X-Origin, Referer, Origin,Accept-Encoding","server":"scaffolding on HTTPServer2","x-xss-protection":"0","x-frame-options":"SAMEORIGIN","x-content-type-options":"nosniff","alt-svc":"h3-29=\":443\"; ma=2592000,h3-T051=\":443\"; ma=2592000,h3-Q050=\":443\"; ma=2592000,h3-Q046=\":443\"; ma=2592000,h3-Q043=\":443\"; ma=2592000,quic=\":443\"; ma=2592000; v=\"46,43\"","accept-ranges":"none","transfer-encoding":"chunked"}
[debug] [2021-05-12T22:27:21.425Z] >>> HTTP REQUEST POST https://firebasehosting.googleapis.com/v1beta1/sites/asa-shaders/versions  
 {"config":{"rewrites":[{"glob":"**","path":"/index.html"}]},"labels":{"deployment-tool":"cli-firebase"}}
[debug] [2021-05-12T22:27:21.893Z] <<< HTTP RESPONSE 200 {"content-type":"application/json; charset=UTF-8","vary":"X-Origin, Referer, Origin,Accept-Encoding","date":"Wed, 12 May 2021 22:27:21 GMT","server":"ESF","cache-control":"private","x-xss-protection":"0","x-frame-options":"SAMEORIGIN","x-content-type-options":"nosniff","alt-svc":"h3-29=\":443\"; ma=2592000,h3-T051=\":443\"; ma=2592000,h3-Q050=\":443\"; ma=2592000,h3-Q046=\":443\"; ma=2592000,h3-Q043=\":443\"; ma=2592000,quic=\":443\"; ma=2592000; v=\"46,43\"","accept-ranges":"none","transfer-encoding":"chunked"}
[info] i  hosting[asa-shaders]: beginning deploy... 
[info] i  hosting[asa-shaders]: found 23 files in build 
[debug] [2021-05-12T22:27:21.998Z] > refreshing access token with scopes: []
[debug] [2021-05-12T22:27:21.998Z] >>> HTTP REQUEST POST https://www.googleapis.com/oauth2/v3/token  
 <request body omitted>
[debug] [2021-05-12T22:27:22.000Z] [hosting] hash cache [YnVpbGQ] stored for 23 files
[debug] [2021-05-12T22:27:22.000Z] [hosting][hash queue][FINAL] {"max":90,"min":10,"avg":20.17391304347826,"active":0,"complete":23,"success":23,"errored":0,"retried":0,"total":23,"elapsed":96}
[debug] [2021-05-12T22:27:22.078Z] <<< HTTP RESPONSE 200 {"cache-control":"no-cache, no-store, max-age=0, must-revalidate","pragma":"no-cache","expires":"Mon, 01 Jan 1990 00:00:00 GMT","date":"Wed, 12 May 2021 22:27:22 GMT","content-type":"application/json; charset=utf-8","vary":"X-Origin, Referer, Origin,Accept-Encoding","server":"scaffolding on HTTPServer2","x-xss-protection":"0","x-frame-options":"SAMEORIGIN","x-content-type-options":"nosniff","alt-svc":"h3-29=\":443\"; ma=2592000,h3-T051=\":443\"; ma=2592000,h3-Q050=\":443\"; ma=2592000,h3-Q046=\":443\"; ma=2592000,h3-Q043=\":443\"; ma=2592000,quic=\":443\"; ma=2592000; v=\"46,43\"","accept-ranges":"none","transfer-encoding":"chunked"}
[debug] [2021-05-12T22:27:22.131Z] >>> [apiv2][query] POST https://firebasehosting.googleapis.com/v1beta1/sites/asa-shaders/versions/351cf53598f91ed5:populateFiles [none]
[debug] [2021-05-12T22:27:22.131Z] >>> [apiv2][body] POST https://firebasehosting.googleapis.com/v1beta1/sites/asa-shaders/versions/351cf53598f91ed5:populateFiles {"files":{"/asset-manifest.json":"7c0ad546174858f37c789d9d7c6628ee66b60eb23e2d20f58fee08e92f67478a","/favicon.ico":"b72f7455f00e4e58792d2bca892abb068e2213838c0316d6b7a0d6d16acd1955","/logo192.png":"caff018b7f1e8fd481eb1c50d75b0ef236bcd5078b1d15c8bb348453fee30293","/manifest.json":"341d52628782f8ac9290bbfc43298afccb47b7cbfcee146ae30cf0f46bc30900","/index.html":"f2be1373a4738d4f438ca3f258a8968a528d28b3755d8224ba01353e60c39e4a","/robots.txt":"391d14b3c2f8c9143a27a28c7399585142228d4d1bdbe2c87ac946de411fa9a2","/logo512.png":"191fc21360b4ccfb1cda11a1efb97f489ed22672ca83f4064316802bbfdd750e","/static/css/main.523443be.chunk.css":"e60edcd8fd2b66e755baf235d4b2aace8b71186b4ce7e9b1ee27b655702a0708","/static/js/2.610f317e.chunk.js.LICENSE.txt":"85beee5f004ffdd560b82621e362ba225e70e2358dade591bf442850781a9292","/static/css/main.523443be.chunk.css.map":"a306adc96f05d04a805a6bb22e5fa2ecdf1653235994727b0548c94d06ee9cba","/static/js/3.9980066b.chunk.js":"4d65ae093b3116b4273af33869d6362a1f3f099fe3f8273a395a8df15810ff10","/static/js/main.cd12b7e1.chunk.js":"b8ea9986f87aeae3b61b5535b68212e3457bc4fed3152a8d21c0629e4b0b52cc","/static/js/3.9980066b.chunk.js.map":"8a6032316b320bcad3d28766ed862b18ac3836b424aa722f9bafa6813eac753a","/static/js/runtime-main.aae31f2a.js":"7615101e419be6877cef478c35b549cdb438721cf1d1d83caf3980f60da62713","/static/js/main.cd12b7e1.chunk.js.map":"769bb5ef1f2abe34f54e3bacce1d96be5deddf242e5f6323b0c92fec5884c19c","/static/js/runtime-main.aae31f2a.js.map":"2513abf390ba5a8fc24895ae82acb0b8e8c1ed95a797d1889c250ca29486375f","/static/media/Avara-Black.3c68ef9f.woff2":"4cd2d703a10bb71c9cdf461b42e51453b3d6cec8f05ea03da990e26d6597b5e2","/static/media/displacement1.179a5b47.jpg":"b8779879a4da9f23038a1ad846457e08aa1894235b7dbecb1e6e991763d2b6cd","/static/js/2.610f317e.chunk.js":"a75c41eff3d58081196277ed92add80facce427ec6567d57501ae75630c7f334","/static/media/Dark Shift 05.323e6b7a.jpg":"407f5fadf0cc5e2ccd80465b27777786798ef09be4b178aefc06e7c8ac65f16e","/static/media/Blue.68566a8b.jpg":"2df847ffbe7865ab5d582e6f4e82e46af754e966a1e6d54502e9a2e675e1ddec","/static/media/Bang-3.773dc3f3.jpg":"3f5a3dca3f8644d78e58078e508a0985f90259afc07f98b155a4c777362463c4","/static/js/2.610f317e.chunk.js.map":"015c8dc894ac19ab6277e5967296211ce77460fc0c1f1932b34d3791361e6de2"}}
[debug] [2021-05-12T22:27:22.410Z] <<< [apiv2][status] POST https://firebasehosting.googleapis.com/v1beta1/sites/asa-shaders/versions/351cf53598f91ed5:populateFiles 200
[debug] [2021-05-12T22:27:22.410Z] <<< [apiv2][body] POST https://firebasehosting.googleapis.com/v1beta1/sites/asa-shaders/versions/351cf53598f91ed5:populateFiles {"uploadRequiredHashes":["7c0ad546174858f37c789d9d7c6628ee66b60eb23e2d20f58fee08e92f67478a","8a6032316b320bcad3d28766ed862b18ac3836b424aa722f9bafa6813eac753a","e60edcd8fd2b66e755baf235d4b2aace8b71186b4ce7e9b1ee27b655702a0708","b8ea9986f87aeae3b61b5535b68212e3457bc4fed3152a8d21c0629e4b0b52cc","015c8dc894ac19ab6277e5967296211ce77460fc0c1f1932b34d3791361e6de2","769bb5ef1f2abe34f54e3bacce1d96be5deddf242e5f6323b0c92fec5884c19c","f2be1373a4738d4f438ca3f258a8968a528d28b3755d8224ba01353e60c39e4a","7615101e419be6877cef478c35b549cdb438721cf1d1d83caf3980f60da62713","a75c41eff3d58081196277ed92add80facce427ec6567d57501ae75630c7f334","407f5fadf0cc5e2ccd80465b27777786798ef09be4b178aefc06e7c8ac65f16e","2df847ffbe7865ab5d582e6f4e82e46af754e966a1e6d54502e9a2e675e1ddec","4d65ae093b3116b4273af33869d6362a1f3f099fe3f8273a395a8df15810ff10","2513abf390ba5a8fc24895ae82acb0b8e8c1ed95a797d1889c250ca29486375f","a306adc96f05d04a805a6bb22e5fa2ecdf1653235994727b0548c94d06ee9cba"],"uploadUrl":"https://upload-firebasehosting.googleapis.com/upload/sites/asa-shaders/versions/351cf53598f91ed5/files"}
[debug] [2021-05-12T22:27:22.414Z] >>> [apiv2][query] POST https://upload-firebasehosting.googleapis.com/upload/sites/asa-shaders/versions/351cf53598f91ed5/files/7c0ad546174858f37c789d9d7c6628ee66b60eb23e2d20f58fee08e92f67478a [none]
[debug] [2021-05-12T22:27:22.414Z] >>> [apiv2][body] POST https://upload-firebasehosting.googleapis.com/upload/sites/asa-shaders/versions/351cf53598f91ed5/files/7c0ad546174858f37c789d9d7c6628ee66b60eb23e2d20f58fee08e92f67478a [stream]
[debug] [2021-05-12T22:27:22.415Z] >>> [apiv2][query] POST https://upload-firebasehosting.googleapis.com/upload/sites/asa-shaders/versions/351cf53598f91ed5/files/8a6032316b320bcad3d28766ed862b18ac3836b424aa722f9bafa6813eac753a [none]
[debug] [2021-05-12T22:27:22.415Z] >>> [apiv2][body] POST https://upload-firebasehosting.googleapis.com/upload/sites/asa-shaders/versions/351cf53598f91ed5/files/8a6032316b320bcad3d28766ed862b18ac3836b424aa722f9bafa6813eac753a [stream]
[debug] [2021-05-12T22:27:22.416Z] >>> [apiv2][query] POST https://upload-firebasehosting.googleapis.com/upload/sites/asa-shaders/versions/351cf53598f91ed5/files/e60edcd8fd2b66e755baf235d4b2aace8b71186b4ce7e9b1ee27b655702a0708 [none]
[debug] [2021-05-12T22:27:22.416Z] >>> [apiv2][body] POST https://upload-firebasehosting.googleapis.com/upload/sites/asa-shaders/versions/351cf53598f91ed5/files/e60edcd8fd2b66e755baf235d4b2aace8b71186b4ce7e9b1ee27b655702a0708 [stream]
[debug] [2021-05-12T22:27:22.417Z] >>> [apiv2][query] POST https://upload-firebasehosting.googleapis.com/upload/sites/asa-shaders/versions/351cf53598f91ed5/files/b8ea9986f87aeae3b61b5535b68212e3457bc4fed3152a8d21c0629e4b0b52cc [none]
[debug] [2021-05-12T22:27:22.417Z] >>> [apiv2][body] POST https://upload-firebasehosting.googleapis.com/upload/sites/asa-shaders/versions/351cf53598f91ed5/files/b8ea9986f87aeae3b61b5535b68212e3457bc4fed3152a8d21c0629e4b0b52cc [stream]
[debug] [2021-05-12T22:27:22.417Z] >>> [apiv2][query] POST https://upload-firebasehosting.googleapis.com/upload/sites/asa-shaders/versions/351cf53598f91ed5/files/015c8dc894ac19ab6277e5967296211ce77460fc0c1f1932b34d3791361e6de2 [none]
[debug] [2021-05-12T22:27:22.418Z] >>> [apiv2][body] POST https://upload-firebasehosting.googleapis.com/upload/sites/asa-shaders/versions/351cf53598f91ed5/files/015c8dc894ac19ab6277e5967296211ce77460fc0c1f1932b34d3791361e6de2 [stream]
[debug] [2021-05-12T22:27:22.418Z] >>> [apiv2][query] POST https://upload-firebasehosting.googleapis.com/upload/sites/asa-shaders/versions/351cf53598f91ed5/files/769bb5ef1f2abe34f54e3bacce1d96be5deddf242e5f6323b0c92fec5884c19c [none]
[debug] [2021-05-12T22:27:22.418Z] >>> [apiv2][body] POST https://upload-firebasehosting.googleapis.com/upload/sites/asa-shaders/versions/351cf53598f91ed5/files/769bb5ef1f2abe34f54e3bacce1d96be5deddf242e5f6323b0c92fec5884c19c [stream]
[debug] [2021-05-12T22:27:22.421Z] >>> [apiv2][query] POST https://upload-firebasehosting.googleapis.com/upload/sites/asa-shaders/versions/351cf53598f91ed5/files/f2be1373a4738d4f438ca3f258a8968a528d28b3755d8224ba01353e60c39e4a [none]
[debug] [2021-05-12T22:27:22.421Z] >>> [apiv2][body] POST https://upload-firebasehosting.googleapis.com/upload/sites/asa-shaders/versions/351cf53598f91ed5/files/f2be1373a4738d4f438ca3f258a8968a528d28b3755d8224ba01353e60c39e4a [stream]
[debug] [2021-05-12T22:27:22.422Z] >>> [apiv2][query] POST https://upload-firebasehosting.googleapis.com/upload/sites/asa-shaders/versions/351cf53598f91ed5/files/7615101e419be6877cef478c35b549cdb438721cf1d1d83caf3980f60da62713 [none]
[debug] [2021-05-12T22:27:22.422Z] >>> [apiv2][body] POST https://upload-firebasehosting.googleapis.com/upload/sites/asa-shaders/versions/351cf53598f91ed5/files/7615101e419be6877cef478c35b549cdb438721cf1d1d83caf3980f60da62713 [stream]
[debug] [2021-05-12T22:27:22.423Z] >>> [apiv2][query] POST https://upload-firebasehosting.googleapis.com/upload/sites/asa-shaders/versions/351cf53598f91ed5/files/a75c41eff3d58081196277ed92add80facce427ec6567d57501ae75630c7f334 [none]
[debug] [2021-05-12T22:27:22.423Z] >>> [apiv2][body] POST https://upload-firebasehosting.googleapis.com/upload/sites/asa-shaders/versions/351cf53598f91ed5/files/a75c41eff3d58081196277ed92add80facce427ec6567d57501ae75630c7f334 [stream]
[debug] [2021-05-12T22:27:22.424Z] >>> [apiv2][query] POST https://upload-firebasehosting.googleapis.com/upload/sites/asa-shaders/versions/351cf53598f91ed5/files/407f5fadf0cc5e2ccd80465b27777786798ef09be4b178aefc06e7c8ac65f16e [none]
[debug] [2021-05-12T22:27:22.424Z] >>> [apiv2][body] POST https://upload-firebasehosting.googleapis.com/upload/sites/asa-shaders/versions/351cf53598f91ed5/files/407f5fadf0cc5e2ccd80465b27777786798ef09be4b178aefc06e7c8ac65f16e [stream]
[debug] [2021-05-12T22:27:22.424Z] >>> [apiv2][query] POST https://upload-firebasehosting.googleapis.com/upload/sites/asa-shaders/versions/351cf53598f91ed5/files/2df847ffbe7865ab5d582e6f4e82e46af754e966a1e6d54502e9a2e675e1ddec [none]
[debug] [2021-05-12T22:27:22.424Z] >>> [apiv2][body] POST https://upload-firebasehosting.googleapis.com/upload/sites/asa-shaders/versions/351cf53598f91ed5/files/2df847ffbe7865ab5d582e6f4e82e46af754e966a1e6d54502e9a2e675e1ddec [stream]
[debug] [2021-05-12T22:27:22.425Z] >>> [apiv2][query] POST https://upload-firebasehosting.googleapis.com/upload/sites/asa-shaders/versions/351cf53598f91ed5/files/4d65ae093b3116b4273af33869d6362a1f3f099fe3f8273a395a8df15810ff10 [none]
[debug] [2021-05-12T22:27:22.425Z] >>> [apiv2][body] POST https://upload-firebasehosting.googleapis.com/upload/sites/asa-shaders/versions/351cf53598f91ed5/files/4d65ae093b3116b4273af33869d6362a1f3f099fe3f8273a395a8df15810ff10 [stream]
[debug] [2021-05-12T22:27:22.426Z] >>> [apiv2][query] POST https://upload-firebasehosting.googleapis.com/upload/sites/asa-shaders/versions/351cf53598f91ed5/files/2513abf390ba5a8fc24895ae82acb0b8e8c1ed95a797d1889c250ca29486375f [none]
[debug] [2021-05-12T22:27:22.426Z] >>> [apiv2][body] POST https://upload-firebasehosting.googleapis.com/upload/sites/asa-shaders/versions/351cf53598f91ed5/files/2513abf390ba5a8fc24895ae82acb0b8e8c1ed95a797d1889c250ca29486375f [stream]
[debug] [2021-05-12T22:27:22.427Z] >>> [apiv2][query] POST https://upload-firebasehosting.googleapis.com/upload/sites/asa-shaders/versions/351cf53598f91ed5/files/a306adc96f05d04a805a6bb22e5fa2ecdf1653235994727b0548c94d06ee9cba [none]
[debug] [2021-05-12T22:27:22.427Z] >>> [apiv2][body] POST https://upload-firebasehosting.googleapis.com/upload/sites/asa-shaders/versions/351cf53598f91ed5/files/a306adc96f05d04a805a6bb22e5fa2ecdf1653235994727b0548c94d06ee9cba [stream]
[debug] [2021-05-12T22:27:22.427Z] [hosting][populate queue][FINAL] {"max":417,"min":417,"avg":417,"active":0,"complete":1,"success":1,"errored":0,"retried":0,"total":1,"elapsed":430}
[debug] [2021-05-12T22:27:22.428Z] [hosting] uploads queued: 14
[debug] [2021-05-12T22:27:23.058Z] <<< [apiv2][status] POST https://upload-firebasehosting.googleapis.com/upload/sites/asa-shaders/versions/351cf53598f91ed5/files/b8ea9986f87aeae3b61b5535b68212e3457bc4fed3152a8d21c0629e4b0b52cc 200
[debug] [2021-05-12T22:27:23.058Z] <<< [apiv2][body] POST https://upload-firebasehosting.googleapis.com/upload/sites/asa-shaders/versions/351cf53598f91ed5/files/b8ea9986f87aeae3b61b5535b68212e3457bc4fed3152a8d21c0629e4b0b52cc [stream]
[debug] [2021-05-12T22:27:23.078Z] <<< [apiv2][status] POST https://upload-firebasehosting.googleapis.com/upload/sites/asa-shaders/versions/351cf53598f91ed5/files/7615101e419be6877cef478c35b549cdb438721cf1d1d83caf3980f60da62713 200
[debug] [2021-05-12T22:27:23.078Z] <<< [apiv2][body] POST https://upload-firebasehosting.googleapis.com/upload/sites/asa-shaders/versions/351cf53598f91ed5/files/7615101e419be6877cef478c35b549cdb438721cf1d1d83caf3980f60da62713 [stream]
[debug] [2021-05-12T22:27:23.108Z] <<< [apiv2][status] POST https://upload-firebasehosting.googleapis.com/upload/sites/asa-shaders/versions/351cf53598f91ed5/files/015c8dc894ac19ab6277e5967296211ce77460fc0c1f1932b34d3791361e6de2 200
[debug] [2021-05-12T22:27:23.108Z] <<< [apiv2][body] POST https://upload-firebasehosting.googleapis.com/upload/sites/asa-shaders/versions/351cf53598f91ed5/files/015c8dc894ac19ab6277e5967296211ce77460fc0c1f1932b34d3791361e6de2 [stream]
[debug] [2021-05-12T22:27:23.110Z] <<< [apiv2][status] POST https://upload-firebasehosting.googleapis.com/upload/sites/asa-shaders/versions/351cf53598f91ed5/files/769bb5ef1f2abe34f54e3bacce1d96be5deddf242e5f6323b0c92fec5884c19c 200
[debug] [2021-05-12T22:27:23.111Z] <<< [apiv2][body] POST https://upload-firebasehosting.googleapis.com/upload/sites/asa-shaders/versions/351cf53598f91ed5/files/769bb5ef1f2abe34f54e3bacce1d96be5deddf242e5f6323b0c92fec5884c19c [stream]
[debug] [2021-05-12T22:27:23.112Z] <<< [apiv2][status] POST https://upload-firebasehosting.googleapis.com/upload/sites/asa-shaders/versions/351cf53598f91ed5/files/4d65ae093b3116b4273af33869d6362a1f3f099fe3f8273a395a8df15810ff10 200
[debug] [2021-05-12T22:27:23.112Z] <<< [apiv2][body] POST https://upload-firebasehosting.googleapis.com/upload/sites/asa-shaders/versions/351cf53598f91ed5/files/4d65ae093b3116b4273af33869d6362a1f3f099fe3f8273a395a8df15810ff10 [stream]
[debug] [2021-05-12T22:27:23.114Z] <<< [apiv2][status] POST https://upload-firebasehosting.googleapis.com/upload/sites/asa-shaders/versions/351cf53598f91ed5/files/2513abf390ba5a8fc24895ae82acb0b8e8c1ed95a797d1889c250ca29486375f 200
[debug] [2021-05-12T22:27:23.114Z] <<< [apiv2][body] POST https://upload-firebasehosting.googleapis.com/upload/sites/asa-shaders/versions/351cf53598f91ed5/files/2513abf390ba5a8fc24895ae82acb0b8e8c1ed95a797d1889c250ca29486375f [stream]
[debug] [2021-05-12T22:27:23.116Z] <<< [apiv2][status] POST https://upload-firebasehosting.googleapis.com/upload/sites/asa-shaders/versions/351cf53598f91ed5/files/407f5fadf0cc5e2ccd80465b27777786798ef09be4b178aefc06e7c8ac65f16e 200
[debug] [2021-05-12T22:27:23.116Z] <<< [apiv2][body] POST https://upload-firebasehosting.googleapis.com/upload/sites/asa-shaders/versions/351cf53598f91ed5/files/407f5fadf0cc5e2ccd80465b27777786798ef09be4b178aefc06e7c8ac65f16e [stream]
[debug] [2021-05-12T22:27:23.130Z] <<< [apiv2][status] POST https://upload-firebasehosting.googleapis.com/upload/sites/asa-shaders/versions/351cf53598f91ed5/files/e60edcd8fd2b66e755baf235d4b2aace8b71186b4ce7e9b1ee27b655702a0708 200
[debug] [2021-05-12T22:27:23.130Z] <<< [apiv2][body] POST https://upload-firebasehosting.googleapis.com/upload/sites/asa-shaders/versions/351cf53598f91ed5/files/e60edcd8fd2b66e755baf235d4b2aace8b71186b4ce7e9b1ee27b655702a0708 [stream]
[debug] [2021-05-12T22:27:23.145Z] <<< [apiv2][status] POST https://upload-firebasehosting.googleapis.com/upload/sites/asa-shaders/versions/351cf53598f91ed5/files/a75c41eff3d58081196277ed92add80facce427ec6567d57501ae75630c7f334 200
[debug] [2021-05-12T22:27:23.145Z] <<< [apiv2][body] POST https://upload-firebasehosting.googleapis.com/upload/sites/asa-shaders/versions/351cf53598f91ed5/files/a75c41eff3d58081196277ed92add80facce427ec6567d57501ae75630c7f334 [stream]
[debug] [2021-05-12T22:27:23.153Z] <<< [apiv2][status] POST https://upload-firebasehosting.googleapis.com/upload/sites/asa-shaders/versions/351cf53598f91ed5/files/a306adc96f05d04a805a6bb22e5fa2ecdf1653235994727b0548c94d06ee9cba 200
[debug] [2021-05-12T22:27:23.153Z] <<< [apiv2][body] POST https://upload-firebasehosting.googleapis.com/upload/sites/asa-shaders/versions/351cf53598f91ed5/files/a306adc96f05d04a805a6bb22e5fa2ecdf1653235994727b0548c94d06ee9cba [stream]
[debug] [2021-05-12T22:27:23.165Z] <<< [apiv2][status] POST https://upload-firebasehosting.googleapis.com/upload/sites/asa-shaders/versions/351cf53598f91ed5/files/8a6032316b320bcad3d28766ed862b18ac3836b424aa722f9bafa6813eac753a 200
[debug] [2021-05-12T22:27:23.165Z] <<< [apiv2][body] POST https://upload-firebasehosting.googleapis.com/upload/sites/asa-shaders/versions/351cf53598f91ed5/files/8a6032316b320bcad3d28766ed862b18ac3836b424aa722f9bafa6813eac753a [stream]
[debug] [2021-05-12T22:27:23.165Z] <<< [apiv2][status] POST https://upload-firebasehosting.googleapis.com/upload/sites/asa-shaders/versions/351cf53598f91ed5/files/7c0ad546174858f37c789d9d7c6628ee66b60eb23e2d20f58fee08e92f67478a 200
[debug] [2021-05-12T22:27:23.165Z] <<< [apiv2][body] POST https://upload-firebasehosting.googleapis.com/upload/sites/asa-shaders/versions/351cf53598f91ed5/files/7c0ad546174858f37c789d9d7c6628ee66b60eb23e2d20f58fee08e92f67478a [stream]
[debug] [2021-05-12T22:27:23.169Z] <<< [apiv2][status] POST https://upload-firebasehosting.googleapis.com/upload/sites/asa-shaders/versions/351cf53598f91ed5/files/f2be1373a4738d4f438ca3f258a8968a528d28b3755d8224ba01353e60c39e4a 200
[debug] [2021-05-12T22:27:23.169Z] <<< [apiv2][body] POST https://upload-firebasehosting.googleapis.com/upload/sites/asa-shaders/versions/351cf53598f91ed5/files/f2be1373a4738d4f438ca3f258a8968a528d28b3755d8224ba01353e60c39e4a [stream]
[debug] [2021-05-12T22:27:23.230Z] <<< [apiv2][status] POST https://upload-firebasehosting.googleapis.com/upload/sites/asa-shaders/versions/351cf53598f91ed5/files/2df847ffbe7865ab5d582e6f4e82e46af754e966a1e6d54502e9a2e675e1ddec 200
[debug] [2021-05-12T22:27:23.230Z] <<< [apiv2][body] POST https://upload-firebasehosting.googleapis.com/upload/sites/asa-shaders/versions/351cf53598f91ed5/files/2df847ffbe7865ab5d582e6f4e82e46af754e966a1e6d54502e9a2e675e1ddec [stream]
[debug] [2021-05-12T22:27:23.230Z] [hosting][upload queue][FINAL] {"max":817,"min":646,"avg":720,"active":0,"complete":14,"success":14,"errored":0,"retried":0,"total":14,"elapsed":819}
[info] ✔  hosting[asa-shaders]: file upload complete 
[debug] [2021-05-12T22:27:23.231Z] [hosting] deploy completed after 1337ms
[debug] [2021-05-12T22:27:23.304Z] [
  {
    "config": {
      "public": "build",
      "ignore": [
        "firebase.json",
        "**/.*",
        "**/node_modules/**"
      ],
      "rewrites": [
        {
          "source": "**",
          "destination": "/index.html"
        }
      ],
      "site": "asa-shaders"
    },
    "site": "asa-shaders",
    "version": "sites/asa-shaders/versions/351cf53598f91ed5"
  }
]
[info] i  hosting[asa-shaders]: finalizing version... 
[debug] [2021-05-12T22:27:23.305Z] > refreshing access token with scopes: ["email","https://www.googleapis.com/auth/cloud-platform","https://www.googleapis.com/auth/cloudplatformprojects.readonly","https://www.googleapis.com/auth/firebase","openid"]
[debug] [2021-05-12T22:27:23.305Z] >>> HTTP REQUEST POST https://www.googleapis.com/oauth2/v3/token  
 <request body omitted>
[debug] [2021-05-12T22:27:23.393Z] <<< HTTP RESPONSE 200 {"pragma":"no-cache","expires":"Mon, 01 Jan 1990 00:00:00 GMT","date":"Wed, 12 May 2021 22:27:23 GMT","cache-control":"no-cache, no-store, max-age=0, must-revalidate","content-type":"application/json; charset=utf-8","vary":"X-Origin, Referer, Origin,Accept-Encoding","server":"scaffolding on HTTPServer2","x-xss-protection":"0","x-frame-options":"SAMEORIGIN","x-content-type-options":"nosniff","alt-svc":"h3-29=\":443\"; ma=2592000,h3-T051=\":443\"; ma=2592000,h3-Q050=\":443\"; ma=2592000,h3-Q046=\":443\"; ma=2592000,h3-Q043=\":443\"; ma=2592000,quic=\":443\"; ma=2592000; v=\"46,43\"","accept-ranges":"none","transfer-encoding":"chunked"}
[debug] [2021-05-12T22:27:23.408Z] >>> HTTP REQUEST PATCH https://firebasehosting.googleapis.com/v1beta1/sites/asa-shaders/versions/351cf53598f91ed5?updateMask=status  
 {"status":"FINALIZED"}
[debug] [2021-05-12T22:27:23.666Z] <<< HTTP RESPONSE 200 {"content-type":"application/json; charset=UTF-8","vary":"X-Origin, Referer, Origin,Accept-Encoding","date":"Wed, 12 May 2021 22:27:23 GMT","server":"ESF","cache-control":"private","x-xss-protection":"0","x-frame-options":"SAMEORIGIN","x-content-type-options":"nosniff","alt-svc":"h3-29=\":443\"; ma=2592000,h3-T051=\":443\"; ma=2592000,h3-Q050=\":443\"; ma=2592000,h3-Q046=\":443\"; ma=2592000,h3-Q043=\":443\"; ma=2592000,quic=\":443\"; ma=2592000; v=\"46,43\"","accept-ranges":"none","transfer-encoding":"chunked"}
[debug] [2021-05-12T22:27:23.666Z] [hosting] finalized version for asa-shaders: {"name":"sites/asa-shaders/versions/351cf53598f91ed5","status":"FINALIZED","config":{"rewrites":[{"glob":"**","path":"/index.html"}]},"labels":{"deployment-tool":"cli-firebase"},"createTime":"2021-05-12T22:27:21.616998Z","createUser":{"email":"sam.asa.johnson@gmail.com"},"finalizeTime":"2021-05-12T22:27:23.668045Z","finalizeUser":{"email":"sam.asa.johnson@gmail.com"}}
[info] ✔  hosting[asa-shaders]: version finalized 
[info] i  hosting[asa-shaders]: releasing new version... 
[debug] [2021-05-12T22:27:23.667Z] >>> HTTP REQUEST POST https://firebasehosting.googleapis.com/v1beta1/sites/asa-shaders/releases?version_name=sites/asa-shaders/versions/351cf53598f91ed5  
 {"message":null}
